<?xml version="1.0" encoding="UTF-8"?>
<!-- Generated by org.testng.reporters.JUnitXMLReporter -->
<testsuite ignored="0" hostname="RG-L200315-1397" failures="1" tests="1" name="Chrometest" time="3.624" errors="0" timestamp="2024-08-18T23:33:42 IST">
  <testcase classname="testcases.TC_002_Login" name="TestLogin" time="0.005">
    <failure type="java.lang.Error" message="Unresolved compilation problem: 
	Syntax error on token &amp;quot;(&amp;quot;, Resources expected after this token
">
      <![CDATA[java.lang.Error: Unresolved compilation problem: 
Syntax error on token "(", Resources expected after this token

at testcases.TC_002_Login.TestLogin(TC_002_Login.java:18)
at java.base/java.util.ArrayList.forEach(ArrayList.java:1511)
... Removed 27 stack frames]]>
    </failure>
  </testcase> <!-- TestLogin -->
</testsuite> <!-- Chrometest -->
