<?xml version="1.0" encoding="UTF-8"?>
<!-- Generated by org.testng.reporters.JUnitXMLReporter -->
<testsuite ignored="1" hostname="RG-L200315-1397" failures="1" tests="2" name="Test" time="19.641" errors="0" timestamp="2024-08-27T01:23:52 IST">
  <testcase classname="testcases.TC_001_AccountRegistration" name="Registration" time="7.651"/>
  <testcase classname="testcases.TC_002_Login" name="TestLogin" time="0.946">
    <failure type="java.lang.AssertionError" message="expected [true] but found [false]">
      <![CDATA[java.lang.AssertionError: expected [true] but found [false]
at testcases.TC_002_Login.TestLogin(TC_002_Login.java:38)
at java.base/java.util.ArrayList.forEach(ArrayList.java:1511)
... Removed 31 stack frames]]>
    </failure>
  </testcase> <!-- TestLogin -->
  <testcase classname="testcases.TC_003_LoginDDT" name="LoginDDT" time="0.0">
    <ignored/>
  </testcase> <!-- LoginDDT -->
</testsuite> <!-- Test -->
