<?xml version="1.0" encoding="UTF-8"?>
<testng-results ignored="0" total="2" passed="2" failed="0" skipped="0">
  <reporter-output>
  </reporter-output>
  <suite started-at="2024-08-28T00:51:39 IST" name="Suite" finished-at="2024-08-28T00:52:03 IST" duration-ms="23619">
    <groups>
      <group name="Master">
        <method signature="TC_001_AccountRegistration.Registration()[pri:0, instance:testcases.TC_001_AccountRegistration@1d2adfbe]" name="Registration" class="testcases.TC_001_AccountRegistration"/>
        <method signature="TC_002_Login.TestLogin()[pri:0, instance:testcases.TC_002_Login@3febb011]" name="TestLogin" class="testcases.TC_002_Login"/>
      </group> <!-- Master -->
      <group name="Sanity">
        <method signature="TC_002_Login.TestLogin()[pri:0, instance:testcases.TC_002_Login@3febb011]" name="TestLogin" class="testcases.TC_002_Login"/>
      </group> <!-- Sanity -->
      <group name="Regression">
        <method signature="TC_001_AccountRegistration.Registration()[pri:0, instance:testcases.TC_001_AccountRegistration@1d2adfbe]" name="Registration" class="testcases.TC_001_AccountRegistration"/>
      </group> <!-- Regression -->
    </groups>
    <test started-at="2024-08-28T00:51:39 IST" name="Test" finished-at="2024-08-28T00:52:03 IST" duration-ms="23619">
      <class name="testcases.TC_001_AccountRegistration">
        <test-method is-config="true" signature="setup(java.lang.String,java.lang.String)[pri:0, instance:testcases.TC_001_AccountRegistration@1d2adfbe]" started-at="2024-08-28T00:51:40 IST" name="setup" finished-at="2024-08-28T00:51:46 IST" duration-ms="6605" status="PASS">
          <params>
            <param index="0">
              <value>
                <![CDATA[windows]]>
              </value>
            </param>
            <param index="1">
              <value>
                <![CDATA[chrome]]>
              </value>
            </param>
          </params>
          <reporter-output>
          </reporter-output>
        </test-method> <!-- setup -->
        <test-method signature="Registration()[pri:0, instance:testcases.TC_001_AccountRegistration@1d2adfbe]" started-at="2024-08-28T00:51:46 IST" name="Registration" finished-at="2024-08-28T00:51:54 IST" duration-ms="8228" status="PASS">
          <reporter-output>
          </reporter-output>
        </test-method> <!-- Registration -->
        <test-method is-config="true" signature="Teardown()[pri:0, instance:testcases.TC_001_AccountRegistration@1d2adfbe]" started-at="2024-08-28T00:51:54 IST" name="Teardown" finished-at="2024-08-28T00:51:55 IST" duration-ms="265" status="PASS">
          <reporter-output>
          </reporter-output>
        </test-method> <!-- Teardown -->
      </class> <!-- testcases.TC_001_AccountRegistration -->
      <class name="testcases.TC_002_Login">
        <test-method is-config="true" signature="setup(java.lang.String,java.lang.String)[pri:0, instance:testcases.TC_002_Login@3febb011]" started-at="2024-08-28T00:51:55 IST" name="setup" finished-at="2024-08-28T00:52:01 IST" duration-ms="5911" status="PASS">
          <params>
            <param index="0">
              <value>
                <![CDATA[windows]]>
              </value>
            </param>
            <param index="1">
              <value>
                <![CDATA[chrome]]>
              </value>
            </param>
          </params>
          <reporter-output>
          </reporter-output>
        </test-method> <!-- setup -->
        <test-method signature="TestLogin()[pri:0, instance:testcases.TC_002_Login@3febb011]" started-at="2024-08-28T00:52:01 IST" name="TestLogin" finished-at="2024-08-28T00:52:03 IST" duration-ms="2078" status="PASS">
          <reporter-output>
          </reporter-output>
        </test-method> <!-- TestLogin -->
        <test-method is-config="true" signature="Teardown()[pri:0, instance:testcases.TC_002_Login@3febb011]" started-at="2024-08-28T00:52:03 IST" name="Teardown" finished-at="2024-08-28T00:52:03 IST" duration-ms="241" status="PASS">
          <reporter-output>
          </reporter-output>
        </test-method> <!-- Teardown -->
      </class> <!-- testcases.TC_002_Login -->
    </test> <!-- Test -->
  </suite> <!-- Suite -->
</testng-results>
